This is XeTeX, Version 3.14159265-2.6-0.999991 (TeX Live 2019) (preloaded format=xelatex 2019.10.30)  27 DEC 2019 10:14
entering extended mode
 \write18 enabled.
 file:line:error style messages enabled.
 %&-line parsing enabled.
**/home/ubuntu/ooad_sqlite/Projects/10000000_second/network.txt
(/home/ubuntu/ooad_sqlite/Projects/10000000_second/network.txt
LaTeX2e <2019-10-01> patch level 1

/home/ubuntu/ooad_sqlite/Projects/10000000_second/network.txt:1: LaTeX Error: M
issing \begin{document}.

See the LaTeX manual or LaTeX Companion for explanation.
Type  H <return>  for immediate help.
 ...                                              
                                                  
l.1 d
     asffa 
Here is how much of TeX's memory you used:
 6 strings out of 492483
 323 string characters out of 6129482
 66274 words of memory out of 5000000
 4587 multiletter control sequences out of 15000+600000
 3640 words of font info for 14 fonts, out of 8000000 for 9000
 1348 hyphenation exceptions out of 8191
 5i,0n,4p,70b,14s stack positions out of 5000i,500n,10000p,200000b,80000s

No pages of output.
